<?xml version="1.0" encoding="UTF-8"?>
<testsuites>
  <testsuite id="0" name="C:\Users\Gaurav\OneDrive\Desktop\Projects\wingst1-mernh-propertymanagement\NodeJS\test\properties.test.js" errors="0" package="C:\Users\Gaurav\OneDrive\Desktop\Projects\wingst1-mernh-propertymanagement\NodeJS\test\properties.test.js" hostname="localhost" tests="17" failures="0" time="10.301" timestamp="2024-04-20T18:01:28">
    <properties>
    </properties>
    <testcase classname="Adding a new property with valid data" name="Adding a new property with valid data" time="0">
    </testcase>
    <testcase classname="Adding a new property with valid data" name="Adding a new property with valid data" time="0">
    </testcase>
    <testcase classname="Adding a new property with invalid shop number" name="Adding a new property with invalid shop number" time="0">
    </testcase>
    <testcase classname="Adding a new property with invalid lease amount" name="Adding a new property with invalid lease amount" time="0">
    </testcase>
    <testcase classname="Adding a new property with invalid lease amount" name="Adding a new property with invalid lease amount" time="0">
    </testcase>
    <testcase classname="Viewing all the properties without filters" name="Viewing all the properties without filters" time="0">
    </testcase>
    <testcase classname="Viewing all the properties sorted by lease amount ascending" name="Viewing all the properties sorted by lease amount ascending" time="0">
    </testcase>
    <testcase classname="Viewing all the properties sorted by lease amount descending" name="Viewing all the properties sorted by lease amount descending" time="0">
    </testcase>
    <testcase classname="Viewing all the properties based on the tenant" name="Viewing all the properties based on the tenant" time="0">
    </testcase>
    <testcase classname="Viewing all the properties based on the tenant" name="Viewing all the properties based on the tenant" time="0">
    </testcase>
    <testcase classname="Viewing all the properties based on the occupied status" name="Viewing all the properties based on the occupied status" time="0">
    </testcase>
    <testcase classname="Viewing all the properties based on the occupied status" name="Viewing all the properties based on the occupied status" time="0">
    </testcase>
    <testcase classname="Viewing all the properties based on the occupied status and ordering in descending order of lease amount" name="Viewing all the properties based on the occupied status and ordering in descending order of lease amount" time="0">
    </testcase>
    <testcase classname="Viewing all the properties based on the tenant and ordering in descending order of lease amount" name="Viewing all the properties based on the tenant and ordering in descending order of lease amount" time="0">
    </testcase>
    <testcase classname="Leasing a available property" name="Leasing a available property" time="0">
    </testcase>
    <testcase classname="Leasing a available property" name="Leasing a available property" time="0">
    </testcase>
    <testcase classname="Leasing a available property" name="Leasing a available property" time="0">
    </testcase>
    <system-out/>
    <system-err/>
  </testsuite>
</testsuites>