<?xml version="1.0" encoding="UTF-8"?>
<testsuites name="jest tests" tests="19" failures="0" errors="0" time="31.206">
  <testsuite name="ShopLease Module" errors="0" failures="0" skipped="0" timestamp="2024-04-20T18:06:52" time="11.894" tests="5">
    <testcase classname="ShopLease Module Fetch and displays unoccupied shop list" name="ShopLease Module Fetch and displays unoccupied shop list" time="0.298">
    </testcase>
    <testcase classname="ShopLease Module Displays not available on unavailability of shops" name="ShopLease Module Displays not available on unavailability of shops" time="0.07">
    </testcase>
    <testcase classname="ShopLease Module Providing tenant details and taking lease" name="ShopLease Module Providing tenant details and taking lease" time="0.492">
    </testcase>
    <testcase classname="ShopLease Module Mocking with different input values" name="ShopLease Module Mocking with different input values" time="0.258">
    </testcase>
    <testcase classname="ShopLease Module Clearing form values on form submmit" name="ShopLease Module Clearing form values on form submmit" time="0.292">
    </testcase>
  </testsuite>
  <testsuite name="Shop List Module" errors="0" failures="0" skipped="0" timestamp="2024-04-20T18:06:52" time="11.925" tests="8">
    <testcase classname="Shop List Module Fetches shop List with GET api" name="Shop List Module Fetches shop List with GET api" time="0.309">
    </testcase>
    <testcase classname="Shop List Module Displays shop List" name="Shop List Module Displays shop List" time="0.204">
    </testcase>
    <testcase classname="Shop List Module Displays shop List - Mocking response with different values" name="Shop List Module Displays shop List - Mocking response with different values" time="0.1">
    </testcase>
    <testcase classname="Shop List Module Filter with name" name="Shop List Module Filter with name" time="0.207">
    </testcase>
    <testcase classname="Shop List Module Sort Ascending with respect to Lease Amount" name="Shop List Module Sort Ascending with respect to Lease Amount" time="0.145">
    </testcase>
    <testcase classname="Shop List Module Sort Descending with respect to Lease Amount" name="Shop List Module Sort Descending with respect to Lease Amount" time="0.096">
    </testcase>
    <testcase classname="Shop List Module Search and Sort in parallel" name="Shop List Module Search and Sort in parallel" time="0.165">
    </testcase>
    <testcase classname="Shop List Module Displays no record found when filter does not match the records or no data exist" name="Shop List Module Displays no record found when filter does not match the records or no data exist" time="0.065">
    </testcase>
  </testsuite>
  <testsuite name="Header" errors="0" failures="0" skipped="0" timestamp="2024-04-20T18:07:04" time="3.479" tests="1">
    <testcase classname="Header Renders the header title" name="Header Renders the header title" time="0.438">
    </testcase>
  </testsuite>
  <testsuite name="AddShop Form" errors="0" failures="0" skipped="0" timestamp="2024-04-20T18:06:52" time="16.755" tests="4">
    <testcase classname="AddShop Form Submits form with POST request" name="AddShop Form Submits form with POST request" time="0.343">
    </testcase>
    <testcase classname="AddShop Form Displays error on submitting duplicate shop number" name="AddShop Form Displays error on submitting duplicate shop number" time="0.354">
    </testcase>
    <testcase classname="AddShop Form Disables submit button before entering form values" name="AddShop Form Disables submit button before entering form values" time="0.153">
    </testcase>
    <testcase classname="AddShop Form Testing with different input values" name="AddShop Form Testing with different input values" time="0.053">
    </testcase>
  </testsuite>
  <testsuite name="Testing App component" errors="0" failures="0" skipped="0" timestamp="2024-04-20T18:07:04" time="6.824" tests="1">
    <testcase classname="Testing App component renders header and index route" name="Testing App component renders header and index route" time="0.116">
    </testcase>
  </testsuite>
</testsuites>